<?xml version="1.0" encoding="UTF-8"?>
<!-- Generated by org.testng.reporters.JUnitXMLReporter -->
<testsuite hostname="Ivaan" ignored="0" name="Default test" tests="3" failures="0" timestamp="2019-09-06T10:55:06 CDT" time="2.835" errors="0">
  <testcase name="testDeleteData" time="0.03" classname="org.spring.demo.test.TestEmployeeWithMock"/>
  <testcase name="testInsertData" time="0.004" classname="org.spring.demo.test.TestEmployeeWithMock"/>
  <testcase name="testUpdateData" time="0.001" classname="org.spring.demo.test.TestEmployeeWithMock"/>
</testsuite> <!-- Default test -->
