<?xml version="1.0" encoding="UTF-8"?>
<testng-results skipped="0" failed="0" ignored="0" total="3" passed="3">
  <reporter-output>
  </reporter-output>
  <suite name="Default suite" duration-ms="2835" started-at="2019-09-06T10:55:04 CDT" finished-at="2019-09-06T10:55:06 CDT">
    <groups>
    </groups>
    <test name="Default test" duration-ms="2835" started-at="2019-09-06T10:55:04 CDT" finished-at="2019-09-06T10:55:06 CDT">
      <class name="org.spring.demo.test.TestEmployeeWithMock">
        <test-method status="PASS" signature="setup()[pri:0, instance:org.spring.demo.test.TestEmployeeWithMock@51931956]" name="setup" is-config="true" duration-ms="113" started-at="2019-09-06T10:55:04 CDT" finished-at="2019-09-06T10:55:04 CDT">
          <reporter-output>
          </reporter-output>
        </test-method> <!-- setup -->
        <test-method status="PASS" signature="springTestContextBeforeTestClass()[pri:0, instance:org.spring.demo.test.TestEmployeeWithMock@51931956]" name="springTestContextBeforeTestClass" is-config="true" duration-ms="1" started-at="2019-09-06T10:55:04 CDT" finished-at="2019-09-06T10:55:04 CDT">
          <reporter-output>
          </reporter-output>
        </test-method> <!-- springTestContextBeforeTestClass -->
        <test-method status="PASS" signature="springTestContextPrepareTestInstance()[pri:0, instance:org.spring.demo.test.TestEmployeeWithMock@51931956]" name="springTestContextPrepareTestInstance" is-config="true" duration-ms="2643" started-at="2019-09-06T10:55:04 CDT" depends-on-methods="org.springframework.test.context.testng.AbstractTestNGSpringContextTests.springTestContextBeforeTestClass" finished-at="2019-09-06T10:55:06 CDT">
          <reporter-output>
          </reporter-output>
        </test-method> <!-- springTestContextPrepareTestInstance -->
        <test-method status="PASS" signature="springTestContextBeforeTestMethod(java.lang.reflect.Method)[pri:0, instance:org.spring.demo.test.TestEmployeeWithMock@51931956]" name="springTestContextBeforeTestMethod" is-config="true" duration-ms="5" started-at="2019-09-06T10:55:06 CDT" finished-at="2019-09-06T10:55:06 CDT">
          <params>
            <param index="0">
              <value>
                <![CDATA[public void org.spring.demo.test.TestEmployeeWithMock.testDeleteData()]]>
              </value>
            </param>
          </params>
          <reporter-output>
          </reporter-output>
        </test-method> <!-- springTestContextBeforeTestMethod -->
        <test-method status="PASS" signature="testDeleteData()[pri:0, instance:org.spring.demo.test.TestEmployeeWithMock@51931956]" name="testDeleteData" duration-ms="30" started-at="2019-09-06T10:55:06 CDT" finished-at="2019-09-06T10:55:06 CDT">
          <reporter-output>
          </reporter-output>
        </test-method> <!-- testDeleteData -->
        <test-method status="PASS" signature="springTestContextAfterTestMethod(java.lang.reflect.Method)[pri:0, instance:org.spring.demo.test.TestEmployeeWithMock@51931956]" name="springTestContextAfterTestMethod" is-config="true" duration-ms="2" started-at="2019-09-06T10:55:06 CDT" finished-at="2019-09-06T10:55:06 CDT">
          <params>
            <param index="0">
              <value>
                <![CDATA[public void org.spring.demo.test.TestEmployeeWithMock.testDeleteData()]]>
              </value>
            </param>
          </params>
          <reporter-output>
          </reporter-output>
        </test-method> <!-- springTestContextAfterTestMethod -->
        <test-method status="PASS" signature="springTestContextBeforeTestMethod(java.lang.reflect.Method)[pri:0, instance:org.spring.demo.test.TestEmployeeWithMock@51931956]" name="springTestContextBeforeTestMethod" is-config="true" duration-ms="2" started-at="2019-09-06T10:55:06 CDT" finished-at="2019-09-06T10:55:06 CDT">
          <params>
            <param index="0">
              <value>
                <![CDATA[public void org.spring.demo.test.TestEmployeeWithMock.testInsertData()]]>
              </value>
            </param>
          </params>
          <reporter-output>
          </reporter-output>
        </test-method> <!-- springTestContextBeforeTestMethod -->
        <test-method status="PASS" signature="testInsertData()[pri:0, instance:org.spring.demo.test.TestEmployeeWithMock@51931956]" name="testInsertData" duration-ms="4" started-at="2019-09-06T10:55:06 CDT" finished-at="2019-09-06T10:55:06 CDT">
          <reporter-output>
          </reporter-output>
        </test-method> <!-- testInsertData -->
        <test-method status="PASS" signature="springTestContextAfterTestMethod(java.lang.reflect.Method)[pri:0, instance:org.spring.demo.test.TestEmployeeWithMock@51931956]" name="springTestContextAfterTestMethod" is-config="true" duration-ms="2" started-at="2019-09-06T10:55:06 CDT" finished-at="2019-09-06T10:55:06 CDT">
          <params>
            <param index="0">
              <value>
                <![CDATA[public void org.spring.demo.test.TestEmployeeWithMock.testInsertData()]]>
              </value>
            </param>
          </params>
          <reporter-output>
          </reporter-output>
        </test-method> <!-- springTestContextAfterTestMethod -->
        <test-method status="PASS" signature="springTestContextBeforeTestMethod(java.lang.reflect.Method)[pri:0, instance:org.spring.demo.test.TestEmployeeWithMock@51931956]" name="springTestContextBeforeTestMethod" is-config="true" duration-ms="3" started-at="2019-09-06T10:55:06 CDT" finished-at="2019-09-06T10:55:06 CDT">
          <params>
            <param index="0">
              <value>
                <![CDATA[public void org.spring.demo.test.TestEmployeeWithMock.testUpdateData()]]>
              </value>
            </param>
          </params>
          <reporter-output>
          </reporter-output>
        </test-method> <!-- springTestContextBeforeTestMethod -->
        <test-method status="PASS" signature="testUpdateData()[pri:0, instance:org.spring.demo.test.TestEmployeeWithMock@51931956]" name="testUpdateData" duration-ms="1" started-at="2019-09-06T10:55:06 CDT" finished-at="2019-09-06T10:55:06 CDT">
          <reporter-output>
          </reporter-output>
        </test-method> <!-- testUpdateData -->
        <test-method status="PASS" signature="springTestContextAfterTestMethod(java.lang.reflect.Method)[pri:0, instance:org.spring.demo.test.TestEmployeeWithMock@51931956]" name="springTestContextAfterTestMethod" is-config="true" duration-ms="2" started-at="2019-09-06T10:55:06 CDT" finished-at="2019-09-06T10:55:06 CDT">
          <params>
            <param index="0">
              <value>
                <![CDATA[public void org.spring.demo.test.TestEmployeeWithMock.testUpdateData()]]>
              </value>
            </param>
          </params>
          <reporter-output>
          </reporter-output>
        </test-method> <!-- springTestContextAfterTestMethod -->
        <test-method status="PASS" signature="springTestContextAfterTestClass()[pri:0, instance:org.spring.demo.test.TestEmployeeWithMock@51931956]" name="springTestContextAfterTestClass" is-config="true" duration-ms="0" started-at="2019-09-06T10:55:06 CDT" finished-at="2019-09-06T10:55:06 CDT">
          <reporter-output>
          </reporter-output>
        </test-method> <!-- springTestContextAfterTestClass -->
      </class> <!-- org.spring.demo.test.TestEmployeeWithMock -->
    </test> <!-- Default test -->
  </suite> <!-- Default suite -->
</testng-results>
